<?xml version="1.0" encoding="UTF-8"?>
<!-- Generated by org.testng.reporters.JUnitXMLReporter -->
<testsuite ignored="0" hostname="MSI" failures="0" tests="3" name="Testcases.Railway.BookTicketsTests" time="0.008" errors="0" timestamp="2025-04-19T09:28:25 ICT">
  <testcase classname="Testcases.Railway.BookTicketsTests" name="TC04" time="0.0">
    <skipped/>
  </testcase> <!-- TC04 -->
  <testcase classname="Testcases.Railway.BookTicketsTests" name="TC14" time="0.0">
    <skipped/>
  </testcase> <!-- TC14 -->
  <testcase classname="Testcases.Railway.BookTicketsTests" name="TC16" time="0.0">
    <skipped/>
  </testcase> <!-- TC16 -->
</testsuite> <!-- Testcases.Railway.BookTicketsTests -->
