<?xml version="1.0" encoding="UTF-8"?>
<!-- Generated by org.testng.reporters.JUnitXMLReporter -->
<testsuite ignored="0" hostname="MSI" failures="2" tests="3" name="Testcases.Railway" time="38.739" errors="0" timestamp="2025-04-25T11:48:34 ICT">
  <testcase classname="Testcases.Railway.BookTicketsTests" name="TC04" time="1.887"/>
  <testcase classname="Testcases.Railway.BookTicketsTests" name="TC14" time="14.693">
    <failure type="java.lang.NullPointerException">
      <![CDATA[java.lang.NullPointerException
at Railway.pages.BookTicketsPage.selectDropdown(BookTicketsPage.java:43)
at Railway.pages.BookTicketsPage.pickArrive(BookTicketsPage.java:54)
at Railway.pages.BookTicketsPage.bookTicket(BookTicketsPage.java:95)
at Testcases.Railway.BookTicketsTests.TC14(BookTicketsTests.java:55)
at java.base/java.util.ArrayList.forEach(ArrayList.java:1541)
at com.intellij.rt.testng.IDEARemoteTestNG.run(IDEARemoteTestNG.java:65)
at com.intellij.rt.testng.RemoteTestNGStarter.main(RemoteTestNGStarter.java:105)
... Removed 24 stack frames]]>
    </failure>
  </testcase> <!-- TC14 -->
  <testcase classname="Testcases.Railway.BookTicketsTests" name="TC16" time="5.437">
    <failure type="java.lang.ArrayIndexOutOfBoundsException" message="Index 1 out of bounds for length 1">
      <![CDATA[java.lang.ArrayIndexOutOfBoundsException: Index 1 out of bounds for length 1
at Testcases.Railway.BookTicketsTests.TC16(BookTicketsTests.java:83)
at java.base/java.util.ArrayList.forEach(ArrayList.java:1541)
at com.intellij.rt.testng.IDEARemoteTestNG.run(IDEARemoteTestNG.java:65)
at com.intellij.rt.testng.RemoteTestNGStarter.main(RemoteTestNGStarter.java:105)
... Removed 24 stack frames]]>
    </failure>
  </testcase> <!-- TC16 -->
</testsuite> <!-- Testcases.Railway -->
