<?xml version="1.0" encoding="UTF-8"?>
<!-- Generated by org.testng.reporters.JUnitXMLReporter -->
<testsuite ignored="0" hostname="MSI" failures="0" tests="3" name="Testcases.Railway.RegisterTests" time="0.009" errors="0" timestamp="2025-04-19T09:28:25 ICT">
  <testcase classname="Testcases.Railway.RegisterTests" name="TC07" time="0.0">
    <skipped/>
  </testcase> <!-- TC07 -->
  <testcase classname="Testcases.Railway.RegisterTests" name="TC10" time="0.0">
    <skipped/>
  </testcase> <!-- TC10 -->
  <testcase classname="Testcases.Railway.RegisterTests" name="TC11" time="0.0">
    <skipped/>
  </testcase> <!-- TC11 -->
</testsuite> <!-- Testcases.Railway.RegisterTests -->
